Warnings encountered during the last execution of ms3 review (v1.1.1)
=====================================================================

Chord labels where the ratio of colored notes vs. all notes in a segment lies above 0.6:
                                                             mc   mn mc_onset       label    chord_tones added_tones  n_colored  n_untouched  count_ratio
debussy_suite_bergamasque MS3/l075-02_suite_menuet.mscx      36   36      3/8  vii%43/bII  (-3, 1, 3, 0)          ()         11            0     1.000000
                          MS3/l075-02_suite_menuet.mscx      68   68        0  V7(#62)/iv  (-2, 7, 4, 6)          ()          4            2     0.666667
                          MS3/l075-02_suite_menuet.mscx      70   70      5/8        ii%2  (3, 5, 2, -1)          ()          1            0     1.000000
                          MS3/l075-04_suite_passepied.mscx   39   39      1/2      Ger6/V  (3, 7, 4, 13)          ()          5            2     0.714286
                          MS3/l075-04_suite_passepied.mscx   41   41      1/2      Ger6/V  (3, 7, 4, 13)          ()          5            2     0.714286
                          MS3/l075-04_suite_passepied.mscx   76   76      1/2       I(#2)     (6, 15, 7)          ()          4            0     1.000000
                          MS3/l075-04_suite_passepied.mscx   76   76      3/4      I(7#2)     (6, 15, 7)        (4,)          3            0     1.000000
                          MS3/l075-04_suite_passepied.mscx   77   77        0           I     (6, 10, 7)          ()          6            0     1.000000
                          MS3/l075-04_suite_passepied.mscx   77   77      1/2        I(7)     (6, 10, 7)        (4,)          7            0     1.000000
                          MS3/l075-04_suite_passepied.mscx   78   78        0          vi     (2, -1, 3)          ()          7            1     0.875000
                          MS3/l075-04_suite_passepied.mscx   78   78      1/2      I64(7)     (7, 4, 10)          ()          7            0     1.000000
                          MS3/l075-04_suite_passepied.mscx   79   79        0        ii65   (5, 9, 6, 8)          ()          6            0     1.000000
                          MS3/l075-04_suite_passepied.mscx   79   79      1/2      I64(6)     (2, 6, 10)          ()          6            0     1.000000
                          MS3/l075-04_suite_passepied.mscx   80   80        0        ii43   (9, 6, 8, 5)          ()          6            0     1.000000
                          MS3/l075-04_suite_passepied.mscx   80   80      1/2      I64(7)     (7, 4, 10)          ()          4            0     1.000000
                          MS3/l075-04_suite_passepied.mscx   80   80      3/4     I64(76)     (2, 4, 10)          ()          3            0     1.000000
                          MS3/l075-04_suite_passepied.mscx   81   81        0      vii%43  (-2, 2, 4, 1)          ()          4            2     0.666667
                          MS3/l075-04_suite_passepied.mscx   81   81      1/2          I6     (10, 7, 6)          ()          4            0     1.000000
                          MS3/l075-04_suite_passepied.mscx   81   81      3/4       I6(6)     (10, 2, 6)          ()          3            0     1.000000
                          MS3/l075-04_suite_passepied.mscx   82   82        0         V43  (8, 5, 7, 11)          ()          6            0     1.000000
                          MS3/l075-04_suite_passepied.mscx   82   82      1/2         vi6     (-1, 3, 2)          ()          5            2     0.714286
                          MS3/l075-04_suite_passepied.mscx   83   83        0         V65  (11, 8, 5, 7)          ()          6            0     1.000000
                          MS3/l075-04_suite_passepied.mscx   83   83      1/2      V43(2)  (8, 5, 2, 11)          ()          4            0     1.000000
                          MS3/l075-04_suite_passepied.mscx   83   83      3/4          V7  (7, 11, 8, 5)          ()          4            0     1.000000
                          MS3/l075-04_suite_passepied.mscx   84   84        0     I|IAC}{     (6, 10, 7)          ()          6            0     1.000000
                          MS3/l075-04_suite_passepied.mscx   84   84      1/2      I(7#2)     (6, 15, 7)        (4,)          7            0     1.000000
                          MS3/l075-04_suite_passepied.mscx   85   85        0           I     (6, 10, 7)          ()          6            0     1.000000
                          MS3/l075-04_suite_passepied.mscx   85   85      1/2      V+6(6)     (11, 3, 7)          ()          4            0     1.000000
                          MS3/l075-04_suite_passepied.mscx   85   85      3/4         V+6    (11, 15, 7)          ()          3            0     1.000000
                          MS3/l075-04_suite_passepied.mscx   86   86        0          vi     (2, -1, 3)          ()          6            2     0.750000
                          MS3/l075-04_suite_passepied.mscx   86   86      1/2      I64(7)     (7, 4, 10)          ()          7            0     1.000000
                          MS3/l075-04_suite_passepied.mscx   87   87        0        V2/V  (6, 8, 12, 9)          ()         15            0     1.000000
                          MS3/l075-04_suite_passepied.mscx  138  138      1/2      Ger6/V  (3, 7, 4, 13)          ()          5            2     0.714286
                          MS3/l075-04_suite_passepied.mscx  140  140      1/2      Ger6/V  (3, 7, 4, 13)          ()          5            2     0.714286
